2014-11-16 12:11:42 - handle request finish(logged from /home/roroco/Dropbox/rbs/ro_pl/lib/ro_cell/pl/sv.rb:123 in start)
2014-11-16 12:11:42 - 


2014-11-16 12:11:42 - kill 14101 at 2014-11-16 12:11:42 +0800(logged from /home/roroco/Dropbox/rbs/ro_pl/lib/ro_cell/pl/sv.rb:92 in start)
2014-11-16 12:13:10 - handle request finish(logged from /home/roroco/Dropbox/rbs/ro_pl/lib/ro_cell/pl/sv.rb:123 in start)
2014-11-16 12:13:10 - 


2014-11-16 12:13:10 - kill 14315 at 2014-11-16 12:13:10 +0800(logged from /home/roroco/Dropbox/rbs/ro_pl/lib/ro_cell/pl/sv.rb:92 in start)
2014-11-16 12:15:48 - handle request finish(logged from /home/roroco/Dropbox/rbs/ro_pl/lib/ro_cell/pl/sv.rb:123 in start)
2014-11-16 12:15:48 - 


2014-11-16 12:15:48 - kill 14610 at 2014-11-16 12:15:48 +0800(logged from /home/roroco/Dropbox/rbs/ro_pl/lib/ro_cell/pl/sv.rb:92 in start)
2014-11-16 12:16:49 - handle request finish(logged from /home/roroco/Dropbox/rbs/ro_pl/lib/ro_cell/pl/sv.rb:123 in start)
2014-11-16 12:16:49 - 


2014-11-16 12:16:49 - kill 14784 at 2014-11-16 12:16:49 +0800(logged from /home/roroco/Dropbox/rbs/ro_pl/lib/ro_cell/pl/sv.rb:92 in start)
2014-11-16 12:23:41 - handle request finish(logged from /home/roroco/Dropbox/rbs/ro_pl/lib/ro_cell/pl/sv.rb:123 in start)
2014-11-16 12:23:41 - 


2014-11-16 12:23:41 - kill 15125 at 2014-11-16 12:23:41 +0800(logged from /home/roroco/Dropbox/rbs/ro_pl/lib/ro_cell/pl/sv.rb:92 in start)
2014-11-16 12:25:04 - handle request finish(logged from /home/roroco/Dropbox/rbs/ro_pl/lib/ro_cell/pl/sv.rb:123 in start)
2014-11-16 12:25:04 - 


2014-11-16 12:25:04 - kill 15255 at 2014-11-16 12:25:04 +0800(logged from /home/roroco/Dropbox/rbs/ro_pl/lib/ro_cell/pl/sv.rb:92 in start)
2014-11-16 12:25:21 - handle request finish(logged from /home/roroco/Dropbox/rbs/ro_pl/lib/ro_cell/pl/sv.rb:123 in start)
2014-11-16 12:25:21 - 


2014-11-16 12:25:21 - kill 15385 at 2014-11-16 12:25:21 +0800(logged from /home/roroco/Dropbox/rbs/ro_pl/lib/ro_cell/pl/sv.rb:92 in start)
2014-11-16 12:29:03 - kill 16132 at 2014-11-16 12:29:03 +0800(logged from /home/roroco/Dropbox/rbs/ro_pl/lib/ro_cell/pl/sv.rb:92 in start)
2014-11-16 16:34:00 - handle request finish(logged from /home/roroco/Dropbox/rbs/ro_pl/lib/ro_cell/pl/sv.rb:123 in start)
2014-11-16 16:34:00 - 


2014-11-16 16:34:00 - kill 28788 at 2014-11-16 16:34:00 +0800(logged from /home/roroco/Dropbox/rbs/ro_pl/lib/ro_cell/pl/sv.rb:92 in start)
2014-11-16 16:37:58 - handle request finish(logged from /home/roroco/Dropbox/rbs/ro_pl/lib/ro_cell/pl/sv.rb:123 in start)
2014-11-16 16:37:58 - 


2014-11-16 16:37:58 - kill 29545 at 2014-11-16 16:37:58 +0800(logged from /home/roroco/Dropbox/rbs/ro_pl/lib/ro_cell/pl/sv.rb:92 in start)
2014-11-16 17:11:57 - handle request finish(logged from /home/roroco/Dropbox/rbs/ro_pl/lib/ro_cell/pl/sv.rb:123 in start)
2014-11-16 17:11:57 - 


2014-11-16 17:11:57 - kill 457 at 2014-11-16 17:11:57 +0800(logged from /home/roroco/Dropbox/rbs/ro_pl/lib/ro_cell/pl/sv.rb:92 in start)
2014-11-16 21:36:32 - handle request finish(logged from /home/roroco/Dropbox/rbs/ro_pl/lib/ro_cell/pl/sv.rb:123 in start)
2014-11-16 21:36:32 - 


2014-11-16 21:36:32 - kill 4102 at 2014-11-16 21:36:32 +0800(logged from /home/roroco/Dropbox/rbs/ro_pl/lib/ro_cell/pl/sv.rb:92 in start)
2014-11-16 22:17:58 - handle request finish(logged from /home/roroco/Dropbox/rbs/ro_pl/lib/ro_cell/pl/sv.rb:123 in start)
2014-11-16 22:17:58 - 


2014-11-16 22:17:58 - kill 9299 at 2014-11-16 22:17:58 +0800(logged from /home/roroco/Dropbox/rbs/ro_pl/lib/ro_cell/pl/sv.rb:92 in start)
2014-11-16 22:18:35 - handle request finish(logged from /home/roroco/Dropbox/rbs/ro_pl/lib/ro_cell/pl/sv.rb:123 in start)
2014-11-16 22:18:35 - 


2014-11-16 22:18:35 - kill 9408 at 2014-11-16 22:18:35 +0800(logged from /home/roroco/Dropbox/rbs/ro_pl/lib/ro_cell/pl/sv.rb:92 in start)
2014-11-16 22:19:36 - handle request finish(logged from /home/roroco/Dropbox/rbs/ro_pl/lib/ro_cell/pl/sv.rb:123 in start)
2014-11-16 22:19:36 - 


2014-11-16 22:19:36 - kill 9537 at 2014-11-16 22:19:36 +0800(logged from /home/roroco/Dropbox/rbs/ro_pl/lib/ro_cell/pl/sv.rb:92 in start)
2014-11-16 22:25:01 - handle request finish(logged from /home/roroco/Dropbox/rbs/ro_pl/lib/ro_cell/pl/sv.rb:123 in start)
2014-11-16 22:25:01 - 


2014-11-16 22:25:01 - kill 10258 at 2014-11-16 22:25:01 +0800(logged from /home/roroco/Dropbox/rbs/ro_pl/lib/ro_cell/pl/sv.rb:92 in start)
2014-11-16 22:35:03 - handle request finish(logged from /home/roroco/Dropbox/rbs/ro_pl/lib/ro_cell/pl/sv.rb:123 in `start')
2014-11-16 22:35:04 - 


2014-11-16 22:35:04 - kill 11675 at 2014-11-16 22:35:04 +0800(logged from /home/roroco/Dropbox/rbs/ro_pl/lib/ro_cell/pl/sv.rb:92 in `start')
2014-11-16 22:37:56 - handle request finish(logged from /home/roroco/Dropbox/rbs/ro_pl/lib/ro_cell/pl/sv.rb:123 in `start')
2014-11-16 22:37:56 - 


2014-11-16 22:37:56 - kill 12029 at 2014-11-16 22:37:56 +0800(logged from /home/roroco/Dropbox/rbs/ro_pl/lib/ro_cell/pl/sv.rb:92 in `start')
2014-11-16 22:40:20 - handle request finish(logged from /home/roroco/Dropbox/rbs/ro_pl/lib/ro_cell/pl/sv.rb:123 in `start')
2014-11-16 22:40:21 - 


2014-11-16 22:40:21 - kill 12458 at 2014-11-16 22:40:21 +0800(logged from /home/roroco/Dropbox/rbs/ro_pl/lib/ro_cell/pl/sv.rb:92 in `start')
2014-11-16 22:43:46 - handle request finish(logged from /home/roroco/Dropbox/rbs/ro_pl/lib/ro_cell/pl/sv.rb:123 in `start')
2014-11-16 22:43:46 - 


2014-11-16 22:43:46 - kill 12779 at 2014-11-16 22:43:46 +0800(logged from /home/roroco/Dropbox/rbs/ro_pl/lib/ro_cell/pl/sv.rb:92 in `start')
2014-11-16 23:12:16 - handle request finish(logged from /home/roroco/Dropbox/rbs/ro_pl/lib/ro_cell/pl/sv.rb:123 in `start')
2014-11-16 23:12:16 - 


2014-11-16 23:12:16 - kill 16746 at 2014-11-16 23:12:16 +0800(logged from /home/roroco/Dropbox/rbs/ro_pl/lib/ro_cell/pl/sv.rb:92 in `start')
2014-11-16 23:13:59 - handle request finish(logged from /home/roroco/Dropbox/rbs/ro_pl/lib/ro_cell/pl/sv.rb:123 in `start')
2014-11-16 23:13:59 - 


2014-11-16 23:13:59 - kill 17316 at 2014-11-16 23:13:59 +0800(logged from /home/roroco/Dropbox/rbs/ro_pl/lib/ro_cell/pl/sv.rb:92 in `start')
2014-11-17 11:54:52 - handle request finish(logged from /home/roroco/Dropbox/rbs/ro_pl/lib/ro_cell/pl/sv.rb:123 in `start')
2014-11-17 11:54:52 - 


2014-11-17 11:54:52 - kill 17608 at 2014-11-17 11:54:52 +0800(logged from /home/roroco/Dropbox/rbs/ro_pl/lib/ro_cell/pl/sv.rb:92 in `start')
2014-11-17 11:57:06 - handle request finish(logged from /home/roroco/Dropbox/rbs/ro_pl/lib/ro_cell/pl/sv.rb:123 in `start')
2014-11-17 11:57:06 - 


2014-11-17 11:57:06 - kill 17980 at 2014-11-17 11:57:06 +0800(logged from /home/roroco/Dropbox/rbs/ro_pl/lib/ro_cell/pl/sv.rb:92 in `start')
2014-11-17 12:12:26 - handle request finish(logged from /home/roroco/Dropbox/rbs/ro_pl/lib/ro_cell/pl/sv.rb:123 in `start')
2014-11-17 12:12:26 - 


2014-11-17 12:12:26 - kill 18997 at 2014-11-17 12:12:26 +0800(logged from /home/roroco/Dropbox/rbs/ro_pl/lib/ro_cell/pl/sv.rb:92 in `start')
2014-11-17 12:23:03 - handle request finish(logged from /home/roroco/Dropbox/rbs/ro_pl/lib/ro_cell/pl/sv.rb:123 in `start')
2014-11-17 12:23:03 - 


2014-11-17 12:23:03 - kill 20117 at 2014-11-17 12:23:03 +0800(logged from /home/roroco/Dropbox/rbs/ro_pl/lib/ro_cell/pl/sv.rb:92 in `start')
2014-11-17 12:30:37 - handle request finish(logged from /home/roroco/Dropbox/rbs/ro_pl/lib/ro_cell/pl/sv.rb:123 in `start')
2014-11-17 12:30:37 - 


2014-11-17 12:30:37 - kill 20637 at 2014-11-17 12:30:37 +0800(logged from /home/roroco/Dropbox/rbs/ro_pl/lib/ro_cell/pl/sv.rb:92 in `start')
2014-11-17 12:41:10 - handle request finish(logged from /home/roroco/Dropbox/rbs/ro_pl/lib/ro_cell/pl/sv.rb:123 in `start')
2014-11-17 12:41:10 - 


2014-11-17 12:41:10 - kill 21995 at 2014-11-17 12:41:10 +0800(logged from /home/roroco/Dropbox/rbs/ro_pl/lib/ro_cell/pl/sv.rb:92 in `start')
