2014-11-16 16:33:29 - Error:{Interrupt} 
2014-11-16 16:33:29 - Backtrace:
2014-11-16 16:33:29 - /home/roroco/.rbenv/versions/2.1.2/lib/ruby/2.1.0/open3.rb:205:in `join'
/home/roroco/.rbenv/versions/2.1.2/lib/ruby/2.1.0/open3.rb:205:in `ensure in popen_run'
/home/roroco/.rbenv/versions/2.1.2/lib/ruby/2.1.0/open3.rb:205:in `popen_run'
/home/roroco/.rbenv/versions/2.1.2/lib/ruby/2.1.0/open3.rb:93:in `popen3'
/home/roroco/.rbenv/versions/2.1.2/lib/ruby/2.1.0/open3.rb:256:in `capture3'
/home/roroco/Dropbox/rbs/ro_cmds/lib/bash.rb:127:in `_bash'
/home/roroco/Dropbox/rbs/ro_cmds/lib/bash.rb:182:in `bash'
/home/roroco/Dropbox/rbs/ro_r4j/lib/ro_cmds/gd.rb:28:in `g'
/home/roroco/Dropbox/rbs/ro_r4j/lib/ro_cmds/gd.rb:20:in `block in build'
/home/roroco/Dropbox/rbs/ro_cmds/lib/pj/misc.rb:14:in `tmply_cd'
/home/roroco/Dropbox/rbs/ro_r4j/lib/ro_cmds/gd.rb:19:in `build'
/home/roroco/Dropbox/rbs/ro_r4j/lib/ro_cmds/idea.rb:12:in `all'
/home/roroco/Dropbox/rbs/ro_cmds/lib/ro_helper/cmds/kls.rb:51:in `start'
/home/roroco/Dropbox/rbs/ro_cmds/lib/ro_cmds_runner.rb:31:in `start'
/home/roroco/Dropbox/rbs/ro_cmds/lib/ro_cmds_bin.rb:2:in `<top (required)>'
/home/roroco/Dropbox/rbs/ro_cmds/lib/ro_misc/exe.rb:391:in `load'
/home/roroco/Dropbox/rbs/ro_cmds/lib/ro_misc/exe.rb:391:in `ro'
/home/roroco/Dropbox/rbs/ro_r4j/exe.rb:4:in `<top (required)>'
/home/roroco/.rbenv/versions/2.1.2/lib/ruby/gems/2.1.0/gems/ruby-debug-ide-0.4.23.beta10/lib/ruby-debug-ide.rb:86:in `debug_load'
/home/roroco/.rbenv/versions/2.1.2/lib/ruby/gems/2.1.0/gems/ruby-debug-ide-0.4.23.beta10/lib/ruby-debug-ide.rb:86:in `debug_program'
/home/roroco/.rbenv/versions/2.1.2/lib/ruby/gems/2.1.0/gems/ruby-debug-ide-0.4.23.beta10/bin/rdebug-ide:116:in `<top (required)>'
-e:1:in `load'
-e:1:in `<main>'
