2014-11-15 12:50:33 - 12:50:33: /home/roroco/Dropbox/rbs/ro_ad    ---- rbs.rb:92
2014-11-16 12:39:42 - 12:39:42: /home/roroco/Dropbox/rbs/ro_r4j    ---- rbs.rb:92
2014-11-16 16:26:39 - 16:26:39: /home/roroco/Dropbox/rbs/ro_r4j    ---- rbs.rb:92
2014-11-16 17:11:33 - 17:11:33: /home/roroco/Dropbox/rbs/ro_r4j    ---- rbs.rb:92
2014-11-16 21:36:02 - 21:36:02: /home/roroco/Dropbox/rbs/ro_r4j    ---- rbs.rb:92
2014-11-16 21:46:46 - 21:46:46: /home/roroco/Dropbox/rbs/ro_r4j    ---- rbs.rb:92
2014-11-16 22:54:28 - 22:54:28: /home/roroco/Dropbox/rbs/ro_r4j    ---- rbs.rb:92
2014-11-20 15:08:01 - 15:08:01: /home/roroco/Dropbox/rbs/ro_btc    ---- rbs.rb:92
2014-11-25 12:31:47 - 12:31:47: /home/roroco/Dropbox/rbs/ro_capybara    ---- rbs.rb:92
2014-12-04 22:58:40 - 22:58:40: running  'export DISPLAY=:0; export XAUTHORITY=/home/roroco/.Xauthority; xclip -selection clipboard -out 2>&1 > /tmp/clip' in /home/roroco/Dropbox/rbs/ro_cmds/lib/bash.rb:185 in `bash' ---- bash.rb:122
2014-12-04 22:58:40 - 22:58:40:  ---- bash.rb:142
2014-12-04 22:58:40 - 22:58:40: read     /tmp/clip   ---- helper.rb:627
2014-12-04 22:58:40 - 22:58:40: running  export DISPLAY=:0; export XAUTHORITY=/home/roroco/.Xauthority; sudo -iu roroco google-chrome https://github.com/JetBrains/intellij-community/blob/master/platform/platform-impl/src/com/intellij/ui/content/impl/ContentManagerImpl.java ---- bash.rb:355
2014-12-05 11:33:00 - 11:33:00: warning  not found match proj dir with kw:rpis ---- rbs.rb:97
2014-12-07 11:03:09 - 11:03:09: path:/home/roroco/Dropbox/jvs/ro  file:rbs.rb line:84 ---- rbs.rb:84
2014-12-07 12:42:37 - 12:42:37: /home/roroco/Dropbox/rbs/ro_r4j    ---- rbs.rb:92
2014-12-07 16:10:01 - 16:10:01: /home/roroco/Dropbox/jvs/ro-idea    ---- rbs.rb:92
2014-12-07 23:17:08 - 23:17:08: /home/roroco/Dropbox/jvs/ro-idea    ---- rbs.rb:92
2014-12-08 09:52:35 - 09:52:35: path:/home/roroco/Dropbox/jvs/ro  file:rbs.rb line:84 ---- rbs.rb:84
2014-12-08 12:33:30 - 12:33:30: /home/roroco/Dropbox/jvs/ro-idea    ---- rbs.rb:92
2014-12-08 13:04:14 - 13:04:14: /home/roroco/Dropbox/jvs/ro-idea    ---- rbs.rb:92
2014-12-08 20:15:12 - 20:15:12: path:/home/roroco/Dropbox/jvs/ro  file:rbs.rb line:84 ---- rbs.rb:84
2014-12-10 12:38:48 - 12:38:48: path:/home/roroco/Dropbox/jvs/ro  file:rbs.rb line:84 ---- rbs.rb:84
2014-12-12 10:40:48 - 10:40:48: /home/roroco/Dropbox/jvs/ro-gradle    ---- rbs.rb:92
2014-12-12 10:48:31 - 10:48:31: warning  not found match proj dir with kw:l ---- rbs.rb:97
2014-12-12 22:06:39 - 22:06:39: /home/roroco/Dropbox/rbs/ro_deploy    ---- rbs.rb:92
2014-12-15 12:30:31 - 12:30:31: /home/roroco/Dropbox/rbs/ro_r4j    ---- rbs.rb:93
2014-12-16 20:57:31 - 20:57:31: /home/roroco/Dropbox/rbs/ro_r4j    ---- rbs.rb:93
2014-12-16 21:33:07 - 21:33:07: /home/roroco/Dropbox/rbs/ro_r4j    ---- rbs.rb:93
2014-12-16 21:38:51 - 21:38:51: /home/roroco/Dropbox/rbs/ro_r4j    ---- rbs.rb:93
2014-12-17 17:53:20 - 17:53:20: path:/home/roroco/Dropbox/rbs/host  file:rbs.rb line:85 ---- rbs.rb:85
2014-12-18 21:11:14 - 21:11:14: /home/roroco/Dropbox/rbs/ro_r4j    ---- rbs.rb:93
2014-12-18 21:13:48 - 21:13:48: /home/roroco/Dropbox/rbs/ro_sites    ---- rbs.rb:93
